<?xml version="1.0" encoding="UTF-8"?>
<!-- Generated by org.testng.reporters.JUnitReportReporter -->
<testsuite hostname="Moganrajs-MacBook-Pro.local" failures="0" tests="2" name="com.qa.webtest.TestWeb" time="22.447" errors="0" timestamp="2023-05-02T20:53:06 EDT" skipped="0">
  <testcase classname="com.qa.webtest.TestWeb" name="testChrome" time="10.507"/>
  <system-out/>
  <testcase classname="com.qa.webtest.TestWeb" name="testFirefox" time="11.940"/>
  <system-out/>
</testsuite> <!-- com.qa.webtest.TestWeb -->
