<?xml version="1.0" encoding="UTF-8"?>
<!-- Generated by org.testng.reporters.JUnitReportReporter -->
<testsuite hostname="Moganrajs-MacBook-Pro.local" failures="0" tests="1" name="com.qa.test.Test2" time="0.000" errors="0" timestamp="2023-05-02T20:53:06 EDT" skipped="0">
  <testcase classname="com.qa.test.Test2" name="sample1" time="0.000"/>
  <system-out/>
</testsuite> <!-- com.qa.test.Test2 -->
